{"Desktop\\Work\\tensorflow-master\\tensorflow\\python\\training\\basic_session_run_hooks_test": ["tensorflow.python.platform.test.main"], "Desktop\\Work\\tensorflow-master\\tensorflow\\python\\training\\basic_session_run_hooks_test.MockCheckpointSaverListener.__init__": [], "Desktop\\Work\\tensorflow-master\\tensorflow\\python\\training\\basic_session_run_hooks_test.MockCheckpointSaverListener.begin": [], "Desktop\\Work\\tensorflow-master\\tensorflow\\python\\training\\basic_session_run_hooks_test.MockCheckpointSaverListener.before_save": [], "Desktop\\Work\\tensorflow-master\\tensorflow\\python\\training\\basic_session_run_hooks_test.MockCheckpointSaverListener.after_save": [], "Desktop\\Work\\tensorflow-master\\tensorflow\\python\\training\\basic_session_run_hooks_test.MockCheckpointSaverListener.end": [], "Desktop\\Work\\tensorflow-master\\tensorflow\\python\\training\\basic_session_run_hooks_test.MockCheckpointSaverListener.get_counts": [], "Desktop\\Work\\tensorflow-master\\tensorflow\\python\\training\\basic_session_run_hooks_test.SecondOrStepTimerTest": ["tensorflow.python.platform.test.mock.patch.object", "tensorflow.python.framework.test_util.run_deprecated_v1"], "tensorflow.python.framework.test_util.run_deprecated_v1": [], "Desktop\\Work\\tensorflow-master\\tensorflow\\python\\training\\basic_session_run_hooks_test.SecondOrStepTimerTest.test_raise_in_both_secs_and_steps": ["tensorflow.python.platform.test.TestCase.assertRaises", "tensorflow.python.training.basic_session_run_hooks.SecondOrStepTimer"], "tensorflow.python.platform.test.TestCase.assertRaises": [], "tensorflow.python.training.basic_session_run_hooks.SecondOrStepTimer": [], "Desktop\\Work\\tensorflow-master\\tensorflow\\python\\training\\basic_session_run_hooks_test.SecondOrStepTimerTest.test_raise_in_none_secs_and_steps": ["tensorflow.python.platform.test.TestCase.assertRaises", "tensorflow.python.training.basic_session_run_hooks.SecondOrStepTimer"], "tensorflow.python.platform.test.mock.patch.object": [], "Desktop\\Work\\tensorflow-master\\tensorflow\\python\\training\\basic_session_run_hooks_test.SecondOrStepTimerTest.test_every_secs": ["tensorflow.python.platform.test.TestCase.assertTrue", "tensorflow.python.platform.test.TestCase.assertFalse", "tensorflow.python.training.basic_session_run_hooks.SecondOrStepTimer"], "tensorflow.python.platform.test.TestCase.assertTrue": [], "tensorflow.python.platform.test.TestCase.assertFalse": [], "Desktop\\Work\\tensorflow-master\\tensorflow\\python\\training\\basic_session_run_hooks_test.SecondOrStepTimerTest.test_every_steps": ["tensorflow.python.platform.test.TestCase.assertTrue", "tensorflow.python.platform.test.TestCase.assertFalse", "tensorflow.python.training.basic_session_run_hooks.SecondOrStepTimer"], "Desktop\\Work\\tensorflow-master\\tensorflow\\python\\training\\basic_session_run_hooks_test.SecondOrStepTimerTest.test_update_last_triggered_step": ["tensorflow.python.platform.test.TestCase.assertEqual", "tensorflow.python.platform.test.TestCase.assertLess", "tensorflow.python.training.basic_session_run_hooks.SecondOrStepTimer"], "tensorflow.python.platform.test.TestCase.assertEqual": [], "tensorflow.python.platform.test.TestCase.assertLess": [], "Desktop\\Work\\tensorflow-master\\tensorflow\\python\\training\\basic_session_run_hooks_test.StopAtStepTest.test_raise_in_both_last_step_and_num_steps": ["tensorflow.python.platform.test.TestCase.assertRaises", "tensorflow.python.training.basic_session_run_hooks.StopAtStepHook"], "tensorflow.python.training.basic_session_run_hooks.StopAtStepHook": [], "Desktop\\Work\\tensorflow-master\\tensorflow\\python\\training\\basic_session_run_hooks_test.StopAtStepTest.test_stop_based_on_last_step": ["tensorflow.python.ops.control_flow_ops.no_op", "tensorflow.python.training.monitored_session._HookedSession", "tensorflow.python.training.basic_session_run_hooks.StopAtStepHook", "tensorflow.python.platform.test.TestCase.assertTrue", "tensorflow.python.ops.state_ops.assign", "tensorflow.python.platform.test.TestCase.assertFalse", "tensorflow.python.framework.ops.Graph", "tensorflow.python.client.session.Session", "tensorflow.python.training.training_util.get_or_create_global_step"], "tensorflow.python.framework.ops.Graph": [], "tensorflow.python.training.training_util.get_or_create_global_step": [], "tensorflow.python.ops.control_flow_ops.no_op": [], "tensorflow.python.client.session.Session": [], "tensorflow.python.training.monitored_session._HookedSession": [], "tensorflow.python.ops.state_ops.assign": [], "Desktop\\Work\\tensorflow-master\\tensorflow\\python\\training\\basic_session_run_hooks_test.StopAtStepTest.test_stop_based_on_num_step": ["tensorflow.python.ops.control_flow_ops.no_op", "tensorflow.python.training.monitored_session._HookedSession", "tensorflow.python.training.basic_session_run_hooks.StopAtStepHook", "tensorflow.python.platform.test.TestCase.assertTrue", "tensorflow.python.ops.state_ops.assign", "tensorflow.python.platform.test.TestCase.assertFalse", "tensorflow.python.framework.ops.Graph", "tensorflow.python.client.session.Session", "tensorflow.python.training.training_util.get_or_create_global_step"], "Desktop\\Work\\tensorflow-master\\tensorflow\\python\\training\\basic_session_run_hooks_test.StopAtStepTest.test_stop_based_with_multiple_steps": ["tensorflow.python.ops.control_flow_ops.no_op", "tensorflow.python.training.monitored_session._HookedSession", "tensorflow.python.training.basic_session_run_hooks.StopAtStepHook", "tensorflow.python.platform.test.TestCase.assertTrue", "tensorflow.python.ops.state_ops.assign", "tensorflow.python.platform.test.TestCase.assertFalse", "tensorflow.python.framework.ops.Graph", "tensorflow.python.client.session.Session", "tensorflow.python.training.training_util.get_or_create_global_step"], "Desktop\\Work\\tensorflow-master\\tensorflow\\python\\training\\basic_session_run_hooks_test.LoggingTensorHookTest.setUp": [], "Desktop\\Work\\tensorflow-master\\tensorflow\\python\\training\\basic_session_run_hooks_test.LoggingTensorHookTest.setUp.mock_log": ["tensorflow.python.platform.tf_logging.info"], "tensorflow.python.platform.tf_logging.info": [], "Desktop\\Work\\tensorflow-master\\tensorflow\\python\\training\\basic_session_run_hooks_test.LoggingTensorHookTest.tearDown": [], "Desktop\\Work\\tensorflow-master\\tensorflow\\python\\training\\basic_session_run_hooks_test.LoggingTensorHookTest.test_illegal_args": ["tensorflow.python.platform.test.TestCase.assertRaisesRegex", "tensorflow.python.training.basic_session_run_hooks.LoggingTensorHook"], "tensorflow.python.platform.test.TestCase.assertRaisesRegex": [], "tensorflow.python.training.basic_session_run_hooks.LoggingTensorHook": [], "Desktop\\Work\\tensorflow-master\\tensorflow\\python\\training\\basic_session_run_hooks_test.LoggingTensorHookTest.test_print_at_end_only": ["tensorflow.python.platform.test.TestCase.evaluate", "tensorflow.python.training.monitored_session._HookedSession", "tensorflow.python.training.basic_session_run_hooks.LoggingTensorHook", "tensorflow.python.platform.test.TestCase.assertEqual", "<builtin>.str", "tensorflow.python.ops.variables.global_variables_initializer", "tensorflow.python.framework.ops.Graph", "tensorflow.python.client.session.Session", "<builtin>.range", "tensorflow.python.framework.constant_op.constant", "tensorflow.python.platform.test.TestCase.assertRegex"], "tensorflow.python.framework.constant_op.constant": [], "tensorflow.python.ops.variables.global_variables_initializer": [], "tensorflow.python.platform.test.TestCase.evaluate": [], "<builtin>.range": [], "<builtin>.str": [], "tensorflow.python.platform.test.TestCase.assertRegex": [], "Desktop\\Work\\tensorflow-master\\tensorflow\\python\\training\\basic_session_run_hooks_test.LoggingTensorHookTest._validate_print_every_n_steps": ["tensorflow.python.platform.test.TestCase.evaluate", "tensorflow.python.training.monitored_session._HookedSession", "tensorflow.python.training.basic_session_run_hooks.LoggingTensorHook", "tensorflow.python.platform.test.TestCase.assertEqual", "<builtin>.str", "tensorflow.python.ops.variables.global_variables_initializer", "<builtin>.range", "tensorflow.python.framework.constant_op.constant", "tensorflow.python.platform.test.TestCase.assertRegex"], "Desktop\\Work\\tensorflow-master\\tensorflow\\python\\training\\basic_session_run_hooks_test.LoggingTensorHookTest.test_print_every_n_steps": ["tensorflow.python.framework.ops.Graph", "tensorflow.python.client.session.Session", "Desktop\\Work\\tensorflow-master\\tensorflow\\python\\training\\basic_session_run_hooks_test.LoggingTensorHookTest._validate_print_every_n_steps"], "Desktop\\Work\\tensorflow-master\\tensorflow\\python\\training\\basic_session_run_hooks_test.LoggingTensorHookTest.test_print_every_n_steps_and_end": ["tensorflow.python.framework.ops.Graph", "tensorflow.python.client.session.Session", "Desktop\\Work\\tensorflow-master\\tensorflow\\python\\training\\basic_session_run_hooks_test.LoggingTensorHookTest._validate_print_every_n_steps"], "Desktop\\Work\\tensorflow-master\\tensorflow\\python\\training\\basic_session_run_hooks_test.LoggingTensorHookTest.test_print_first_step": ["tensorflow.python.platform.test.TestCase.evaluate", "tensorflow.python.training.monitored_session._HookedSession", "tensorflow.python.training.basic_session_run_hooks.LoggingTensorHook", "tensorflow.python.platform.test.TestCase.assertEqual", "<builtin>.str", "tensorflow.python.ops.variables.global_variables_initializer", "tensorflow.python.framework.ops.Graph", "tensorflow.python.client.session.Session", "tensorflow.python.framework.constant_op.constant", "tensorflow.python.platform.test.TestCase.assertRegex"], "Desktop\\Work\\tensorflow-master\\tensorflow\\python\\training\\basic_session_run_hooks_test.LoggingTensorHookTest._validate_print_every_n_secs": ["tensorflow.python.platform.test.TestCase.evaluate", "tensorflow.python.training.monitored_session._HookedSession", "tensorflow.python.training.basic_session_run_hooks.LoggingTensorHook", "tensorflow.python.platform.test.TestCase.assertEqual", "<builtin>.str", "tensorflow.python.ops.variables.global_variables_initializer", "tensorflow.python.framework.constant_op.constant", "tensorflow.python.platform.test.TestCase.assertRegex"], "Desktop\\Work\\tensorflow-master\\tensorflow\\python\\training\\basic_session_run_hooks_test.LoggingTensorHookTest": ["tensorflow.python.platform.test.mock.patch.object"], "Desktop\\Work\\tensorflow-master\\tensorflow\\python\\training\\basic_session_run_hooks_test.LoggingTensorHookTest.test_print_every_n_secs": ["tensorflow.python.framework.ops.Graph", "tensorflow.python.client.session.Session", "Desktop\\Work\\tensorflow-master\\tensorflow\\python\\training\\basic_session_run_hooks_test.LoggingTensorHookTest._validate_print_every_n_secs"], "Desktop\\Work\\tensorflow-master\\tensorflow\\python\\training\\basic_session_run_hooks_test.LoggingTensorHookTest.test_print_every_n_secs_and_end": ["tensorflow.python.framework.ops.Graph", "tensorflow.python.client.session.Session", "Desktop\\Work\\tensorflow-master\\tensorflow\\python\\training\\basic_session_run_hooks_test.LoggingTensorHookTest._validate_print_every_n_secs"], "Desktop\\Work\\tensorflow-master\\tensorflow\\python\\training\\basic_session_run_hooks_test.LoggingTensorHookTest.test_print_formatter": ["tensorflow.python.platform.test.TestCase.evaluate", "tensorflow.python.training.monitored_session._HookedSession", "tensorflow.python.training.basic_session_run_hooks.LoggingTensorHook", "tensorflow.python.platform.test.TestCase.assertEqual", "tensorflow.python.ops.variables.global_variables_initializer", "tensorflow.python.framework.ops.Graph", "tensorflow.python.client.session.Session", "tensorflow.python.framework.constant_op.constant"], "Desktop\\Work\\tensorflow-master\\tensorflow\\python\\training\\basic_session_run_hooks_test.LoggingTensorHookTest.test_print_formatter.<lambda1>": [], "Desktop\\Work\\tensorflow-master\\tensorflow\\python\\training\\basic_session_run_hooks_test.CheckpointSaverHookTest.setUp": ["tensorflow.python.training.monitored_session.Scaffold", "tensorflow.python.training.training_util._increment_global_step", "tempfile.mkdtemp", "tensorflow.python.framework.ops.Graph", "tensorflow.python.training.training_util.get_or_create_global_step"], "tempfile.mkdtemp": [], "tensorflow.python.training.monitored_session.Scaffold": [], "tensorflow.python.training.training_util._increment_global_step": [], "Desktop\\Work\\tensorflow-master\\tensorflow\\python\\training\\basic_session_run_hooks_test.CheckpointSaverHookTest.tearDown": ["shutil.rmtree"], "shutil.rmtree": [], "Desktop\\Work\\tensorflow-master\\tensorflow\\python\\training\\basic_session_run_hooks_test.CheckpointSaverHookTest.test_saves_when_saver_and_scaffold_both_missing": ["tensorflow.python.training.monitored_session._HookedSession", "tensorflow.python.platform.test.TestCase.assertEqual", "tensorflow.python.client.session.Session", "tensorflow.python.training.checkpoint_utils.load_variable", "tensorflow.python.training.basic_session_run_hooks.CheckpointSaverHook"], "tensorflow.python.training.basic_session_run_hooks.CheckpointSaverHook": [], "tensorflow.python.training.checkpoint_utils.load_variable": [], "Desktop\\Work\\tensorflow-master\\tensorflow\\python\\training\\basic_session_run_hooks_test.CheckpointSaverHookTest.test_raise_when_saver_and_scaffold_both_present": ["tensorflow.python.platform.test.TestCase.assertRaises", "tensorflow.python.training.basic_session_run_hooks.CheckpointSaverHook"], "Desktop\\Work\\tensorflow-master\\tensorflow\\python\\training\\basic_session_run_hooks_test.CheckpointSaverHookTest": ["tensorflow.python.platform.test.mock.patch.object", "tensorflow.python.framework.test_util.run_deprecated_v1"], "Desktop\\Work\\tensorflow-master\\tensorflow\\python\\training\\basic_session_run_hooks_test.CheckpointSaverHookTest.test_raise_in_both_secs_and_steps": ["tensorflow.python.platform.test.TestCase.assertRaises", "tensorflow.python.training.basic_session_run_hooks.CheckpointSaverHook"], "Desktop\\Work\\tensorflow-master\\tensorflow\\python\\training\\basic_session_run_hooks_test.CheckpointSaverHookTest.test_raise_in_none_secs_and_steps": ["tensorflow.python.platform.test.TestCase.assertRaises", "tensorflow.python.training.basic_session_run_hooks.CheckpointSaverHook"], "Desktop\\Work\\tensorflow-master\\tensorflow\\python\\training\\basic_session_run_hooks_test.CheckpointSaverHookTest.test_save_secs_saves_in_first_step": ["tensorflow.python.training.monitored_session._HookedSession", "tensorflow.python.platform.test.TestCase.assertEqual", "tensorflow.python.client.session.Session", "tensorflow.python.training.checkpoint_utils.load_variable", "tensorflow.python.training.basic_session_run_hooks.CheckpointSaverHook"], "Desktop\\Work\\tensorflow-master\\tensorflow\\python\\training\\basic_session_run_hooks_test.CheckpointSaverHookTest.test_save_secs_calls_listeners_at_begin_and_end": ["Desktop\\Work\\tensorflow-master\\tensorflow\\python\\training\\basic_session_run_hooks_test.MockCheckpointSaverListener.get_counts", "tensorflow.python.training.monitored_session._HookedSession", "tensorflow.python.platform.test.TestCase.assertEqual", "Desktop\\Work\\tensorflow-master\\tensorflow\\python\\training\\basic_session_run_hooks_test.MockCheckpointSaverListener.__init__", "tensorflow.python.client.session.Session", "tensorflow.python.training.basic_session_run_hooks.CheckpointSaverHook"], "Desktop\\Work\\tensorflow-master\\tensorflow\\python\\training\\basic_session_run_hooks_test.CheckpointSaverHookTest.test_listener_with_monitored_session": ["Desktop\\Work\\tensorflow-master\\tensorflow\\python\\training\\basic_session_run_hooks_test.MockCheckpointSaverListener.get_counts", "tensorflow.python.training.monitored_session.Scaffold", "tensorflow.python.training.training_util._increment_global_step", "tensorflow.python.training.monitored_session.SingularMonitoredSession", "tensorflow.python.platform.test.TestCase.assertEqual", "Desktop\\Work\\tensorflow-master\\tensorflow\\python\\training\\basic_session_run_hooks_test.MockCheckpointSaverListener.__init__", "tensorflow.python.framework.ops.Graph", "tensorflow.python.training.training_util.get_or_create_global_step", "tensorflow.python.training.basic_session_run_hooks.CheckpointSaverHook"], "tensorflow.python.training.monitored_session.SingularMonitoredSession": [], "Desktop\\Work\\tensorflow-master\\tensorflow\\python\\training\\basic_session_run_hooks_test.CheckpointSaverHookTest.test_listener_stops_training_in_after_save": ["tensorflow.python.training.monitored_session.Scaffold", "tensorflow.python.training.training_util._increment_global_step", "tensorflow.python.platform.test.TestCase.assertTrue", "tensorflow.python.training.monitored_session.SingularMonitoredSession", "tensorflow.python.platform.test.TestCase.assertFalse", "Desktop\\Work\\tensorflow-master\\tensorflow\\python\\training\\basic_session_run_hooks_test.MockCheckpointSaverListener.__init__", "tensorflow.python.framework.ops.Graph", "tensorflow.python.training.training_util.get_or_create_global_step", "tensorflow.python.training.basic_session_run_hooks.CheckpointSaverHook"], "Desktop\\Work\\tensorflow-master\\tensorflow\\python\\training\\basic_session_run_hooks_test.CheckpointSaverHookTest.test_listener_with_default_saver": ["Desktop\\Work\\tensorflow-master\\tensorflow\\python\\training\\basic_session_run_hooks_test.MockCheckpointSaverListener.get_counts", "tensorflow.python.training.training_util._increment_global_step", "tensorflow.python.training.monitored_session.SingularMonitoredSession", "tensorflow.python.platform.test.TestCase.assertEqual", "Desktop\\Work\\tensorflow-master\\tensorflow\\python\\training\\basic_session_run_hooks_test.MockCheckpointSaverListener.__init__", "tensorflow.python.framework.ops.Graph", "tensorflow.python.training.training_util.get_or_create_global_step", "tensorflow.python.training.basic_session_run_hooks.CheckpointSaverHook"], "Desktop\\Work\\tensorflow-master\\tensorflow\\python\\training\\basic_session_run_hooks_test.CheckpointSaverHookTest.test_two_listeners_with_default_saver": ["Desktop\\Work\\tensorflow-master\\tensorflow\\python\\training\\basic_session_run_hooks_test.MockCheckpointSaverListener.get_counts", "tensorflow.python.training.training_util._increment_global_step", "tensorflow.python.training.monitored_session.SingularMonitoredSession", "tensorflow.python.platform.test.TestCase.assertEqual", "Desktop\\Work\\tensorflow-master\\tensorflow\\python\\training\\basic_session_run_hooks_test.MockCheckpointSaverListener.__init__", "tensorflow.python.framework.ops.Graph", "tensorflow.python.training.training_util.get_or_create_global_step", "tensorflow.python.training.basic_session_run_hooks.CheckpointSaverHook"], "Desktop\\Work\\tensorflow-master\\tensorflow\\python\\training\\basic_session_run_hooks_test.CheckpointSaverHookTest.test_save_secs_saves_periodically": ["tensorflow.python.training.monitored_session._HookedSession", "tensorflow.python.platform.test.TestCase.assertEqual", "tensorflow.python.client.session.Session", "tensorflow.python.training.checkpoint_utils.load_variable", "tensorflow.python.training.basic_session_run_hooks.CheckpointSaverHook"], "Desktop\\Work\\tensorflow-master\\tensorflow\\python\\training\\basic_session_run_hooks_test.CheckpointSaverHookTest.test_save_secs_calls_listeners_periodically": ["Desktop\\Work\\tensorflow-master\\tensorflow\\python\\training\\basic_session_run_hooks_test.MockCheckpointSaverListener.get_counts", "tensorflow.python.training.monitored_session._HookedSession", "tensorflow.python.platform.test.TestCase.assertEqual", "Desktop\\Work\\tensorflow-master\\tensorflow\\python\\training\\basic_session_run_hooks_test.MockCheckpointSaverListener.__init__", "tensorflow.python.client.session.Session", "tensorflow.python.training.basic_session_run_hooks.CheckpointSaverHook"], "Desktop\\Work\\tensorflow-master\\tensorflow\\python\\training\\basic_session_run_hooks_test.CheckpointSaverHookTest.test_save_steps_saves_in_first_step": ["tensorflow.python.training.monitored_session._HookedSession", "tensorflow.python.platform.test.TestCase.assertEqual", "tensorflow.python.client.session.Session", "tensorflow.python.training.checkpoint_utils.load_variable", "tensorflow.python.training.basic_session_run_hooks.CheckpointSaverHook"], "Desktop\\Work\\tensorflow-master\\tensorflow\\python\\training\\basic_session_run_hooks_test.CheckpointSaverHookTest.test_save_steps_saves_periodically": ["tensorflow.python.training.monitored_session._HookedSession", "tensorflow.python.platform.test.TestCase.assertEqual", "tensorflow.python.client.session.Session", "tensorflow.python.training.checkpoint_utils.load_variable", "tensorflow.python.training.basic_session_run_hooks.CheckpointSaverHook"], "Desktop\\Work\\tensorflow-master\\tensorflow\\python\\training\\basic_session_run_hooks_test.CheckpointSaverHookTest.test_save_saves_at_end": ["tensorflow.python.training.monitored_session._HookedSession", "tensorflow.python.platform.test.TestCase.assertEqual", "tensorflow.python.client.session.Session", "tensorflow.python.training.checkpoint_utils.load_variable", "tensorflow.python.training.basic_session_run_hooks.CheckpointSaverHook"], "Desktop\\Work\\tensorflow-master\\tensorflow\\python\\training\\basic_session_run_hooks_test.CheckpointSaverHookTest.test_summary_writer_defs": ["tensorflow.python.training.monitored_session._HookedSession", "tensorflow.python.summary.writer.fake_summary_writer.FakeSummaryWriter.uninstall", "tensorflow.python.summary.writer.writer_cache.FileWriterCache.clear", "tensorflow.python.summary.writer.writer_cache.FileWriterCache.get", "tensorflow.python.summary.writer.fake_summary_writer.FakeSummaryWriter.install", "tensorflow.python.client.session.Session", "tensorflow.python.training.basic_session_run_hooks.CheckpointSaverHook"], "tensorflow.python.summary.writer.fake_summary_writer.FakeSummaryWriter.install": [], "tensorflow.python.summary.writer.writer_cache.FileWriterCache.clear": [], "tensorflow.python.summary.writer.writer_cache.FileWriterCache.get": [], "tensorflow.python.summary.writer.fake_summary_writer.FakeSummaryWriter.uninstall": [], "Desktop\\Work\\tensorflow-master\\tensorflow\\python\\training\\basic_session_run_hooks_test.CheckpointSaverHookTest.test_save_checkpoint_before_first_train_step": ["tensorflow.python.training.monitored_session._HookedSession", "tensorflow.python.platform.test.TestCase.assertEqual", "tensorflow.python.client.session.Session", "tensorflow.python.training.checkpoint_utils.load_variable", "tensorflow.python.training.basic_session_run_hooks.CheckpointSaverHook"], "Desktop\\Work\\tensorflow-master\\tensorflow\\python\\training\\basic_session_run_hooks_test.CheckpointSaverHookTest.test_save_graph_def": ["tensorflow.python.training.monitored_session._HookedSession", "tensorflow.python.platform.gfile.Glob", "tensorflow.python.platform.test.TestCase.assertIn", "tensorflow.python.platform.test.TestCase.assertLen", "tensorflow.python.client.session.Session", "tensorflow.python.training.basic_session_run_hooks.CheckpointSaverHook"], "tensorflow.python.platform.test.TestCase.assertIn": [], "tensorflow.python.platform.gfile.Glob": [], "tensorflow.python.platform.test.TestCase.assertLen": [], "Desktop\\Work\\tensorflow-master\\tensorflow\\python\\training\\basic_session_run_hooks_test.CheckpointSaverHookTest.test_save_graph_def_false": ["tensorflow.python.training.monitored_session._HookedSession", "tensorflow.python.platform.gfile.Glob", "tensorflow.python.client.session.Session", "tensorflow.python.platform.test.TestCase.assertNotIn", "tensorflow.python.training.basic_session_run_hooks.CheckpointSaverHook", "tensorflow.python.platform.test.TestCase.assertEmpty"], "tensorflow.python.platform.test.TestCase.assertNotIn": [], "tensorflow.python.platform.test.TestCase.assertEmpty": [], "Desktop\\Work\\tensorflow-master\\tensorflow\\python\\training\\basic_session_run_hooks_test.CheckpointSaverHookMultiStepTest.setUp": ["tensorflow.python.training.monitored_session.Scaffold", "tensorflow.python.training.training_util._increment_global_step", "tempfile.mkdtemp", "tensorflow.python.framework.ops.Graph", "tensorflow.python.training.training_util.get_or_create_global_step"], "Desktop\\Work\\tensorflow-master\\tensorflow\\python\\training\\basic_session_run_hooks_test.CheckpointSaverHookMultiStepTest.tearDown": ["shutil.rmtree"], "Desktop\\Work\\tensorflow-master\\tensorflow\\python\\training\\basic_session_run_hooks_test.CheckpointSaverHookMultiStepTest.test_save_steps_saves_in_first_step": ["tensorflow.python.training.monitored_session._HookedSession", "tensorflow.python.platform.test.TestCase.assertEqual", "tensorflow.python.client.session.Session", "tensorflow.python.training.checkpoint_utils.load_variable", "tensorflow.python.training.basic_session_run_hooks.CheckpointSaverHook"], "Desktop\\Work\\tensorflow-master\\tensorflow\\python\\training\\basic_session_run_hooks_test.CheckpointSaverHookMultiStepTest.test_save_steps_saves_periodically": ["tensorflow.python.training.monitored_session._HookedSession", "tensorflow.python.platform.test.TestCase.assertEqual", "tensorflow.python.client.session.Session", "tensorflow.python.training.checkpoint_utils.load_variable", "tensorflow.python.training.basic_session_run_hooks.CheckpointSaverHook"], "Desktop\\Work\\tensorflow-master\\tensorflow\\python\\training\\basic_session_run_hooks_test.CheckpointSaverHookMultiStepTest.test_save_steps_saves_at_end": ["tensorflow.python.training.monitored_session._HookedSession", "tensorflow.python.platform.test.TestCase.assertEqual", "tensorflow.python.client.session.Session", "tensorflow.python.training.checkpoint_utils.load_variable", "tensorflow.python.training.basic_session_run_hooks.CheckpointSaverHook"], "Desktop\\Work\\tensorflow-master\\tensorflow\\python\\training\\basic_session_run_hooks_test.ResourceCheckpointSaverHookTest.setUp": ["tensorflow.python.training.monitored_session.Scaffold", "tensorflow.python.training.training_util._increment_global_step", "tempfile.mkdtemp", "tensorflow.python.ops.variable_scope.variable_scope", "tensorflow.python.framework.ops.Graph", "tensorflow.python.training.training_util.get_or_create_global_step"], "tensorflow.python.ops.variable_scope.variable_scope": [], "Desktop\\Work\\tensorflow-master\\tensorflow\\python\\training\\basic_session_run_hooks_test.ResourceCheckpointSaverHookTest.test_save_steps_saves_periodically": ["tensorflow.python.training.monitored_session._HookedSession", "tensorflow.python.platform.test.TestCase.assertEqual", "tensorflow.python.client.session.Session", "tensorflow.python.training.checkpoint_utils.load_variable", "tensorflow.python.training.basic_session_run_hooks.CheckpointSaverHook"], "Desktop\\Work\\tensorflow-master\\tensorflow\\python\\training\\basic_session_run_hooks_test.StepCounterHookTest.setUp": ["tempfile.mkdtemp"], "Desktop\\Work\\tensorflow-master\\tensorflow\\python\\training\\basic_session_run_hooks_test.StepCounterHookTest.tearDown": ["shutil.rmtree"], "Desktop\\Work\\tensorflow-master\\tensorflow\\python\\training\\basic_session_run_hooks_test.StepCounterHookTest": ["tensorflow.python.platform.test.mock.patch.object"], "Desktop\\Work\\tensorflow-master\\tensorflow\\python\\training\\basic_session_run_hooks_test.StepCounterHookTest.test_step_counter_every_n_steps": ["tensorflow.python.platform.test.TestCase.evaluate", "tensorflow.python.training.basic_session_run_hooks.StepCounterHook", "tensorflow.python.platform.test.TestCase.assertIsNone", "tensorflow.python.training.monitored_session._HookedSession", "tensorflow.python.training.training_util._increment_global_step", "<builtin>.range", "tensorflow.python.summary.writer.fake_summary_writer.FakeSummaryWriter", "tensorflow.python.platform.test.TestCase.assertEqual", "tensorflow.python.platform.test.TestCase.assertGreater", "tensorflow.python.platform.test.TestCase.assertItemsEqual", "tensorflow.python.ops.variables.global_variables_initializer", "tensorflow.python.framework.ops.Graph", "tensorflow.python.platform.test.mock.patch.object", "tensorflow.python.client.session.Session", "tensorflow.python.training.training_util.get_or_create_global_step"], "tensorflow.python.summary.writer.fake_summary_writer.FakeSummaryWriter": [], "tensorflow.python.training.basic_session_run_hooks.StepCounterHook": [], "tensorflow.python.platform.test.TestCase.assertIsNone": [], "tensorflow.python.platform.test.TestCase.assertItemsEqual": [], "tensorflow.python.platform.test.TestCase.assertGreater": [], "Desktop\\Work\\tensorflow-master\\tensorflow\\python\\training\\basic_session_run_hooks_test.StepCounterHookTest.test_step_counter_every_n_secs": ["tensorflow.python.platform.test.TestCase.evaluate", "tensorflow.python.training.basic_session_run_hooks.StepCounterHook", "tensorflow.python.training.monitored_session._HookedSession", "tensorflow.python.training.training_util._increment_global_step", "tensorflow.python.platform.test.TestCase.assertTrue", "tensorflow.python.summary.writer.fake_summary_writer.FakeSummaryWriter", "tensorflow.python.platform.test.TestCase.assertEqual", "tensorflow.python.platform.test.TestCase.assertGreater", "tensorflow.python.platform.test.TestCase.assertItemsEqual", "tensorflow.python.ops.variables.global_variables_initializer", "tensorflow.python.framework.ops.Graph", "tensorflow.python.client.session.Session", "tensorflow.python.training.training_util.get_or_create_global_step"], "Desktop\\Work\\tensorflow-master\\tensorflow\\python\\training\\basic_session_run_hooks_test.StepCounterHookTest.test_global_step_name": ["tensorflow.python.platform.test.TestCase.evaluate", "tensorflow.python.training.basic_session_run_hooks.StepCounterHook", "tensorflow.python.training.monitored_session._HookedSession", "tensorflow.python.training.training_util._increment_global_step", "tensorflow.python.platform.test.TestCase.assertTrue", "tensorflow.python.ops.variable_scope.variable_scope", "tensorflow.python.summary.writer.fake_summary_writer.FakeSummaryWriter", "tensorflow.python.platform.test.TestCase.assertEqual", "tensorflow.python.ops.variable_scope.get_variable", "tensorflow.python.platform.test.TestCase.assertItemsEqual", "tensorflow.python.ops.variables.global_variables_initializer", "tensorflow.python.framework.ops.Graph", "tensorflow.python.client.session.Session"], "tensorflow.python.ops.variable_scope.get_variable": [], "Desktop\\Work\\tensorflow-master\\tensorflow\\python\\training\\basic_session_run_hooks_test.StepCounterHookTest.test_log_warning_if_global_step_not_increased": ["tensorflow.python.platform.test.TestCase.evaluate", "tensorflow.python.training.basic_session_run_hooks.StepCounterHook", "tensorflow.python.training.monitored_session._HookedSession", "tensorflow.python.training.training_util._increment_global_step", "<builtin>.range", "<builtin>.str", "tensorflow.python.ops.variables.global_variables_initializer", "tensorflow.python.framework.ops.Graph", "tensorflow.python.platform.test.mock.patch.object", "tensorflow.python.client.session.Session", "tensorflow.python.training.training_util.get_or_create_global_step", "tensorflow.python.platform.test.TestCase.assertRegex"], "Desktop\\Work\\tensorflow-master\\tensorflow\\python\\training\\basic_session_run_hooks_test.StepCounterHookTest._setup_steps_per_run_test": ["tensorflow.python.platform.test.TestCase.evaluate", "tensorflow.python.training.basic_session_run_hooks.StepCounterHook", "tensorflow.python.training.monitored_session._HookedSession", "tensorflow.python.training.training_util._increment_global_step", "tensorflow.python.summary.writer.fake_summary_writer.FakeSummaryWriter", "tensorflow.python.ops.variables.global_variables_initializer", "tensorflow.python.training.training_util.get_or_create_global_step"], "Desktop\\Work\\tensorflow-master\\tensorflow\\python\\training\\basic_session_run_hooks_test.StepCounterHookTest.test_steps_per_run_less_than_every_n_steps": ["Desktop\\Work\\tensorflow-master\\tensorflow\\python\\training\\basic_session_run_hooks_test.StepCounterHookTest._setup_steps_per_run_test", "tensorflow.python.platform.test.TestCase.assertEqual", "tensorflow.python.platform.test.TestCase.assertGreater", "tensorflow.python.platform.test.TestCase.assertItemsEqual", "tensorflow.python.framework.ops.Graph", "tensorflow.python.client.session.Session", "<builtin>.range"], "Desktop\\Work\\tensorflow-master\\tensorflow\\python\\training\\basic_session_run_hooks_test.StepCounterHookTest.test_steps_per_run_equal_every_n_steps": ["Desktop\\Work\\tensorflow-master\\tensorflow\\python\\training\\basic_session_run_hooks_test.StepCounterHookTest._setup_steps_per_run_test", "tensorflow.python.platform.test.TestCase.assertEqual", "tensorflow.python.platform.test.TestCase.assertGreater", "tensorflow.python.platform.test.TestCase.assertItemsEqual", "tensorflow.python.framework.ops.Graph", "tensorflow.python.client.session.Session", "<builtin>.range"], "Desktop\\Work\\tensorflow-master\\tensorflow\\python\\training\\basic_session_run_hooks_test.StepCounterHookTest.test_steps_per_run_greater_than_every_n_steps": ["Desktop\\Work\\tensorflow-master\\tensorflow\\python\\training\\basic_session_run_hooks_test.StepCounterHookTest._setup_steps_per_run_test", "tensorflow.python.platform.test.TestCase.assertEqual", "tensorflow.python.platform.test.TestCase.assertGreater", "tensorflow.python.platform.test.TestCase.assertItemsEqual", "tensorflow.python.framework.ops.Graph", "tensorflow.python.client.session.Session", "<builtin>.range"], "Desktop\\Work\\tensorflow-master\\tensorflow\\python\\training\\basic_session_run_hooks_test.SummarySaverHookTest.setUp": ["tensorflow.python.ops.state_ops.assign_add", "tensorflow.python.training.training_util._increment_global_step", "tensorflow.python.summary.writer.fake_summary_writer.FakeSummaryWriter", "tensorflow.python.platform.test.TestCase.setUp", "tensorflow.python.ops.variables.Variable", "tensorflow.python.training.training_util.get_or_create_global_step", "tensorflow.python.summary.summary.scalar"], "tensorflow.python.platform.test.TestCase.setUp": [], "tensorflow.python.ops.variables.Variable": [], "tensorflow.python.ops.state_ops.assign_add": [], "tensorflow.python.summary.summary.scalar": [], "Desktop\\Work\\tensorflow-master\\tensorflow\\python\\training\\basic_session_run_hooks_test.SummarySaverHookTest.test_raise_when_scaffold_and_summary_op_both_missing": ["tensorflow.python.training.basic_session_run_hooks.SummarySaverHook", "tensorflow.python.platform.test.TestCase.assertRaises"], "tensorflow.python.training.basic_session_run_hooks.SummarySaverHook": [], "Desktop\\Work\\tensorflow-master\\tensorflow\\python\\training\\basic_session_run_hooks_test.SummarySaverHookTest.test_raise_when_scaffold_and_summary_op_both_present": ["tensorflow.python.training.basic_session_run_hooks.SummarySaverHook", "tensorflow.python.platform.test.TestCase.assertRaises", "tensorflow.python.training.monitored_session.Scaffold"], "Desktop\\Work\\tensorflow-master\\tensorflow\\python\\training\\basic_session_run_hooks_test.SummarySaverHookTest.test_raise_in_both_secs_and_steps": ["tensorflow.python.training.basic_session_run_hooks.SummarySaverHook", "tensorflow.python.platform.test.TestCase.assertRaises"], "Desktop\\Work\\tensorflow-master\\tensorflow\\python\\training\\basic_session_run_hooks_test.SummarySaverHookTest.test_raise_in_none_secs_and_steps": ["tensorflow.python.training.basic_session_run_hooks.SummarySaverHook", "tensorflow.python.platform.test.TestCase.assertRaises"], "Desktop\\Work\\tensorflow-master\\tensorflow\\python\\training\\basic_session_run_hooks_test.SummarySaverHookTest.test_save_steps": ["tensorflow.python.platform.test.TestCase.evaluate", "tensorflow.python.training.monitored_session._HookedSession", "tensorflow.python.training.basic_session_run_hooks.SummarySaverHook", "tensorflow.python.platform.test.TestCase.cached_session", "tensorflow.python.ops.variables.global_variables_initializer", "<builtin>.range"], "tensorflow.python.platform.test.TestCase.cached_session": [], "Desktop\\Work\\tensorflow-master\\tensorflow\\python\\training\\basic_session_run_hooks_test.SummarySaverHookTest.test_multiple_summaries": ["tensorflow.python.platform.test.TestCase.evaluate", "tensorflow.python.training.monitored_session._HookedSession", "tensorflow.python.training.basic_session_run_hooks.SummarySaverHook", "tensorflow.python.platform.test.TestCase.cached_session", "tensorflow.python.ops.variables.global_variables_initializer", "<builtin>.range"], "Desktop\\Work\\tensorflow-master\\tensorflow\\python\\training\\basic_session_run_hooks_test.SummarySaverHookTest": ["tensorflow.python.platform.test.mock.patch.object"], "Desktop\\Work\\tensorflow-master\\tensorflow\\python\\training\\basic_session_run_hooks_test.SummarySaverHookTest.test_save_secs_saving_once_every_step": ["tensorflow.python.platform.test.TestCase.evaluate", "tensorflow.python.training.monitored_session._HookedSession", "tensorflow.python.training.basic_session_run_hooks.SummarySaverHook", "tensorflow.python.platform.test.TestCase.cached_session", "tensorflow.python.ops.variables.global_variables_initializer", "<builtin>.range"], "Desktop\\Work\\tensorflow-master\\tensorflow\\python\\training\\basic_session_run_hooks_test.SummarySaverHookTest.test_save_secs_saving_once_every_three_steps": ["tensorflow.python.platform.test.TestCase.evaluate", "tensorflow.python.training.monitored_session._HookedSession", "tensorflow.python.training.basic_session_run_hooks.SummarySaverHook", "tensorflow.python.platform.test.TestCase.cached_session", "tensorflow.python.ops.variables.global_variables_initializer", "<builtin>.range"], "Desktop\\Work\\tensorflow-master\\tensorflow\\python\\training\\basic_session_run_hooks_test.GlobalStepWaiterHookTest.test_not_wait_for_step_zero": ["tensorflow.python.training.session_run_hook.SessionRunContext", "tensorflow.python.training.basic_session_run_hooks.GlobalStepWaiterHook", "tensorflow.python.framework.ops.Graph", "tensorflow.python.client.session.Session", "tensorflow.python.training.training_util.get_or_create_global_step"], "tensorflow.python.training.basic_session_run_hooks.GlobalStepWaiterHook": [], "tensorflow.python.training.session_run_hook.SessionRunContext": [], "Desktop\\Work\\tensorflow-master\\tensorflow\\python\\training\\basic_session_run_hooks_test.GlobalStepWaiterHookTest": ["tensorflow.python.platform.test.mock.patch.object"], "Desktop\\Work\\tensorflow-master\\tensorflow\\python\\training\\basic_session_run_hooks_test.GlobalStepWaiterHookTest.test_wait_for_step": ["tensorflow.python.platform.test.TestCase.evaluate", "tensorflow.python.training.session_run_hook.SessionRunContext", "tensorflow.python.training.basic_session_run_hooks.GlobalStepWaiterHook", "tensorflow.python.platform.test.TestCase.assertEqual", "tensorflow.python.ops.variables.global_variables_initializer", "tensorflow.python.framework.ops.Graph", "tensorflow.python.client.session.Session", "tensorflow.python.training.training_util.get_or_create_global_step"], "Desktop\\Work\\tensorflow-master\\tensorflow\\python\\training\\basic_session_run_hooks_test.GlobalStepWaiterHookTest.test_wait_for_step.mock_sleep_side_effect": ["<builtin>.AssertionError", "tensorflow.python.ops.state_ops.assign"], "<builtin>.AssertionError": [], "Desktop\\Work\\tensorflow-master\\tensorflow\\python\\training\\basic_session_run_hooks_test.FinalOpsHookTest.test_final_ops_is_scalar_tensor": ["tensorflow.python.platform.test.TestCase.assertEqual", "tensorflow.python.framework.ops.Graph", "tensorflow.python.training.basic_session_run_hooks.FinalOpsHook", "tensorflow.python.client.session.Session", "tensorflow.python.framework.constant_op.constant"], "tensorflow.python.training.basic_session_run_hooks.FinalOpsHook": [], "Desktop\\Work\\tensorflow-master\\tensorflow\\python\\training\\basic_session_run_hooks_test.FinalOpsHookTest.test_final_ops_is_tensor": ["tensorflow.python.platform.test.TestCase.assertListEqual", "tensorflow.python.framework.ops.Graph", "tensorflow.python.training.basic_session_run_hooks.FinalOpsHook", "tensorflow.python.client.session.Session", "tensorflow.python.framework.constant_op.constant"], "tensorflow.python.platform.test.TestCase.assertListEqual": [], "Desktop\\Work\\tensorflow-master\\tensorflow\\python\\training\\basic_session_run_hooks_test.FinalOpsHookTest.test_final_ops_triggers_out_of_range_error": ["tensorflow.python.platform.test.TestCase.assertRaisesRegex", "tensorflow.python.client.session.Session", "tensorflow.python.data.ops.dataset_ops.Dataset.range", "<builtin>.str", "tensorflow.python.framework.ops.Graph", "tensorflow.python.training.basic_session_run_hooks.FinalOpsHook", "tensorflow.python.data.ops.dataset_ops.make_one_shot_iterator", "tensorflow.python.platform.test.mock.patch.object", "tensorflow.python.platform.test.TestCase.assertRegex"], "tensorflow.python.data.ops.dataset_ops.Dataset.range": [], "tensorflow.python.data.ops.dataset_ops.make_one_shot_iterator": [], "Desktop\\Work\\tensorflow-master\\tensorflow\\python\\training\\basic_session_run_hooks_test.FinalOpsHookTest.test_final_ops_with_dictionary": ["tensorflow.python.platform.test.TestCase.assertListEqual", "tensorflow.python.ops.array_ops.placeholder", "tensorflow.python.framework.ops.Graph", "tensorflow.python.training.basic_session_run_hooks.FinalOpsHook", "tensorflow.python.client.session.Session"], "tensorflow.python.ops.array_ops.placeholder": [], "Desktop\\Work\\tensorflow-master\\tensorflow\\python\\training\\basic_session_run_hooks_test.ResourceSummarySaverHookTest.setUp": ["tensorflow.python.ops.state_ops.assign_add", "tensorflow.python.training.training_util._increment_global_step", "tensorflow.python.summary.writer.fake_summary_writer.FakeSummaryWriter", "tensorflow.python.training.training_util.create_global_step", "tensorflow.python.platform.test.TestCase.setUp", "tensorflow.python.ops.variable_scope.get_variable", "tensorflow.python.ops.variable_scope.variable_scope", "tensorflow.python.summary.summary.scalar"], "tensorflow.python.training.training_util.create_global_step": [], "Desktop\\Work\\tensorflow-master\\tensorflow\\python\\training\\basic_session_run_hooks_test.ResourceSummarySaverHookTest.test_save_steps": ["tensorflow.python.platform.test.TestCase.evaluate", "tensorflow.python.training.monitored_session._HookedSession", "tensorflow.python.training.basic_session_run_hooks.SummarySaverHook", "tensorflow.python.platform.test.TestCase.cached_session", "tensorflow.python.ops.variables.global_variables_initializer", "<builtin>.range"], "Desktop\\Work\\tensorflow-master\\tensorflow\\python\\training\\basic_session_run_hooks_test.FeedFnHookTest.test_feeding_placeholder": ["tensorflow.python.training.monitored_session._HookedSession", "tensorflow.python.training.basic_session_run_hooks.FeedFnHook", "tensorflow.python.platform.test.TestCase.assertEqual", "tensorflow.python.ops.array_ops.placeholder", "tensorflow.python.framework.ops.Graph", "tensorflow.python.client.session.Session"], "Desktop\\Work\\tensorflow-master\\tensorflow\\python\\training\\basic_session_run_hooks_test.FeedFnHookTest.test_feeding_placeholder.<lambda1>": [], "tensorflow.python.training.basic_session_run_hooks.FeedFnHook": [], "Desktop\\Work\\tensorflow-master\\tensorflow\\python\\training\\basic_session_run_hooks_test.ProfilerHookTest.setUp": ["<builtin>.super", "tensorflow.python.ops.state_ops.assign_add", "tempfile.mkdtemp", "tensorflow.python.framework.ops.Graph", "tensorflow.python.training.training_util.get_or_create_global_step"], "<builtin>.super": [], "Desktop\\Work\\tensorflow-master\\tensorflow\\python\\training\\basic_session_run_hooks_test.ProfilerHookTest.tearDown": ["shutil.rmtree", "<builtin>.super"], "Desktop\\Work\\tensorflow-master\\tensorflow\\python\\training\\basic_session_run_hooks_test.ProfilerHookTest._count_timeline_files": ["tensorflow.python.platform.gfile.Glob", "<builtin>.len"], "<builtin>.len": [], "Desktop\\Work\\tensorflow-master\\tensorflow\\python\\training\\basic_session_run_hooks_test.ProfilerHookTest": ["tensorflow.python.platform.test.mock.patch.object", "tensorflow.python.framework.test_util.run_deprecated_v1"], "Desktop\\Work\\tensorflow-master\\tensorflow\\python\\training\\basic_session_run_hooks_test.ProfilerHookTest.test_raise_in_both_secs_and_steps": ["tensorflow.python.platform.test.TestCase.assertRaises", "tensorflow.python.training.basic_session_run_hooks.ProfilerHook"], "tensorflow.python.training.basic_session_run_hooks.ProfilerHook": [], "Desktop\\Work\\tensorflow-master\\tensorflow\\python\\training\\basic_session_run_hooks_test.ProfilerHookTest.test_raise_in_none_secs_and_steps": ["tensorflow.python.platform.test.TestCase.assertRaises", "tensorflow.python.training.basic_session_run_hooks.ProfilerHook"], "Desktop\\Work\\tensorflow-master\\tensorflow\\python\\training\\basic_session_run_hooks_test.ProfilerHookTest.test_save_secs_does_not_save_in_first_step": ["tensorflow.python.training.monitored_session.SingularMonitoredSession", "Desktop\\Work\\tensorflow-master\\tensorflow\\python\\training\\basic_session_run_hooks_test.ProfilerHookTest._count_timeline_files", "tensorflow.python.training.basic_session_run_hooks.ProfilerHook", "tensorflow.python.platform.test.TestCase.assertEqual"], "Desktop\\Work\\tensorflow-master\\tensorflow\\python\\training\\basic_session_run_hooks_test.ProfilerHookTest.test_save_secs_saves_periodically": ["tensorflow.python.training.monitored_session.SingularMonitoredSession", "Desktop\\Work\\tensorflow-master\\tensorflow\\python\\training\\basic_session_run_hooks_test.ProfilerHookTest._count_timeline_files", "tensorflow.python.training.basic_session_run_hooks.ProfilerHook", "tensorflow.python.platform.test.TestCase.assertEqual"], "Desktop\\Work\\tensorflow-master\\tensorflow\\python\\training\\basic_session_run_hooks_test.ProfilerHookTest.test_save_steps_does_not_save_in_first_step": ["tensorflow.python.training.monitored_session.SingularMonitoredSession", "Desktop\\Work\\tensorflow-master\\tensorflow\\python\\training\\basic_session_run_hooks_test.ProfilerHookTest._count_timeline_files", "tensorflow.python.training.basic_session_run_hooks.ProfilerHook", "tensorflow.python.platform.test.TestCase.assertEqual"], "Desktop\\Work\\tensorflow-master\\tensorflow\\python\\training\\basic_session_run_hooks_test.ProfilerHookTest.test_save_steps_saves_periodically": ["tensorflow.python.training.monitored_session.SingularMonitoredSession", "Desktop\\Work\\tensorflow-master\\tensorflow\\python\\training\\basic_session_run_hooks_test.ProfilerHookTest._count_timeline_files", "tensorflow.python.training.basic_session_run_hooks.ProfilerHook", "tensorflow.python.platform.test.TestCase.assertEqual"], "Desktop\\Work\\tensorflow-master\\tensorflow\\python\\training\\basic_session_run_hooks_test.ProfilerHookTest.test_run_metadata_saves": ["tensorflow.python.summary.writer.fake_summary_writer.FakeSummaryWriter.uninstall", "tensorflow.python.training.basic_session_run_hooks.ProfilerHook", "tensorflow.python.training.monitored_session.SingularMonitoredSession", "tensorflow.python.summary.writer.writer_cache.FileWriterCache.clear", "tensorflow.python.summary.writer.writer_cache.FileWriterCache.get", "tensorflow.python.summary.writer.fake_summary_writer.FakeSummaryWriter.install", "tensorflow.python.platform.test.TestCase.assertEqual", "<builtin>.list"], "<builtin>.list": [], "tensorflow.python.platform.test.main": []}
